Dec-17 11:32:11.221 [main] DEBUG nextflow.cli.Launcher - $> nextflow run main.nf
Dec-17 11:32:11.390 [main] DEBUG nextflow.cli.CmdRun - N E X T F L O W  ~  version 24.10.5
Dec-17 11:32:11.440 [main] DEBUG nextflow.plugin.PluginsFacade - Setting up plugin manager > mode=prod; embedded=false; plugins-dir=/Users/r/.nextflow/plugins; core-plugins: nf-amazon@2.9.2,nf-azure@1.10.2,nf-cloudcache@0.4.2,nf-codecommit@0.2.2,nf-console@1.1.4,nf-google@1.15.4,nf-tower@1.9.3,nf-wave@1.7.4
Dec-17 11:32:11.494 [main] INFO  o.pf4j.DefaultPluginStatusProvider - Enabled plugins: []
Dec-17 11:32:11.496 [main] INFO  o.pf4j.DefaultPluginStatusProvider - Disabled plugins: []
Dec-17 11:32:11.502 [main] INFO  org.pf4j.DefaultPluginManager - PF4J version 3.12.0 in 'deployment' mode
Dec-17 11:32:11.525 [main] INFO  org.pf4j.AbstractPluginManager - No plugins
Dec-17 11:32:11.566 [main] DEBUG nextflow.config.ConfigBuilder - Found config local: /Users/r/pkgs/demo_nextflow/nextflow.config
Dec-17 11:32:11.572 [main] DEBUG nextflow.config.ConfigBuilder - Parsing config file: /Users/r/pkgs/demo_nextflow/nextflow.config
Dec-17 11:32:11.634 [main] DEBUG n.secret.LocalSecretsProvider - Secrets store: /Users/r/.nextflow/secrets/store.json
Dec-17 11:32:11.641 [main] DEBUG nextflow.secret.SecretsLoader - Discovered secrets providers: [nextflow.secret.LocalSecretsProvider@28782602] - activable => nextflow.secret.LocalSecretsProvider@28782602
Dec-17 11:32:11.653 [main] DEBUG nextflow.config.ConfigBuilder - Applying config profile: `standard`
Dec-17 11:32:12.464 [main] DEBUG nextflow.cli.CmdRun - Applied DSL=2 from script declaration
Dec-17 11:32:12.507 [main] DEBUG nextflow.cli.CmdRun - Launching `main.nf` [sleepy_curran] DSL2 - revision: f97f9573bc
Dec-17 11:32:12.512 [main] DEBUG nextflow.plugin.PluginsFacade - Plugins default=[]
Dec-17 11:32:12.513 [main] DEBUG nextflow.plugin.PluginsFacade - Plugins resolved requirement=[]
Dec-17 11:32:12.649 [main] DEBUG nextflow.Session - Session UUID: 6399100a-c0eb-4d0b-b4d3-b1ebeab4eb9d
Dec-17 11:32:12.650 [main] DEBUG nextflow.Session - Run name: sleepy_curran
Dec-17 11:32:12.651 [main] DEBUG nextflow.Session - Executor pool size: 8
Dec-17 11:32:12.666 [main] DEBUG nextflow.file.FilePorter - File porter settings maxRetries=3; maxTransfers=50; pollTimeout=null
Dec-17 11:32:12.679 [main] DEBUG nextflow.util.ThreadPoolBuilder - Creating thread pool 'FileTransfer' minSize=10; maxSize=24; workQueue=LinkedBlockingQueue[-1]; allowCoreThreadTimeout=false
Dec-17 11:32:12.726 [main] DEBUG nextflow.cli.CmdRun - 
  Version: 24.10.5 build 5935
  Created: 04-03-2025 17:55 UTC (17:55 BST)
  System: Mac OS X 15.7.2
  Runtime: Groovy 4.0.23 on OpenJDK 64-Bit Server VM 22.0.1+8
  Encoding: UTF-8 (UTF-8)
  Process: 19881@MacBookAir.lan [192.168.1.138]
  CPUs: 8 - Mem: 16 GB (239 MB) - Swap: 1 GB (970.2 MB)
Dec-17 11:32:12.764 [main] DEBUG nextflow.Session - Work-dir: /Users/r/pkgs/demo_nextflow/work [Mac OS X]
Dec-17 11:32:12.766 [main] DEBUG nextflow.Session - Script base path does not exist or is not a directory: /Users/r/pkgs/demo_nextflow/bin
Dec-17 11:32:12.794 [main] DEBUG nextflow.executor.ExecutorFactory - Extension executors providers=[]
Dec-17 11:32:12.820 [main] DEBUG nextflow.Session - Observer factory: DefaultObserverFactory
Dec-17 11:32:12.878 [main] DEBUG nextflow.cache.CacheFactory - Using Nextflow cache factory: nextflow.cache.DefaultCacheFactory
Dec-17 11:32:12.898 [main] DEBUG nextflow.util.CustomThreadPool - Creating default thread pool > poolSize: 9; maxThreads: 1000
Dec-17 11:32:12.999 [main] DEBUG nextflow.Session - Session start
Dec-17 11:32:13.049 [main] DEBUG nextflow.script.ScriptRunner - Parsed script files:
Dec-17 11:32:13.058 [main] DEBUG nextflow.Session - 
Thread[#19,Notification Thread,9,system]

Thread[#30,Thread-1,5,main]
  java.base@22.0.1/jdk.internal.misc.Unsafe.park(Native Method)
  java.base@22.0.1/java.util.concurrent.locks.LockSupport.parkNanos(LockSupport.java:269)
  java.base@22.0.1/java.util.concurrent.locks.AbstractQueuedSynchronizer$ConditionObject.awaitNanos(AbstractQueuedSynchronizer.java:1758)
  java.base@22.0.1/java.util.concurrent.LinkedBlockingDeque.pollFirst(LinkedBlockingDeque.java:515)
  java.base@22.0.1/java.util.concurrent.LinkedBlockingDeque.poll(LinkedBlockingDeque.java:683)
  app//nextflow.util.SimpleAgent.run(SimpleAgent.groovy:89)
  java.base@22.0.1/java.lang.invoke.LambdaForm$DMH/0x000000012f1a8c00.invokeVirtual(LambdaForm$DMH)
  java.base@22.0.1/java.lang.invoke.LambdaForm$MH/0x000000012f32c000.invoke(LambdaForm$MH)
  java.base@22.0.1/java.lang.invoke.Invokers$Holder.invokeExact_MT(Invokers$Holder)
  java.base@22.0.1/jdk.internal.reflect.DirectMethodHandleAccessor.invokeImpl(DirectMethodHandleAccessor.java:153)
  java.base@22.0.1/jdk.internal.reflect.DirectMethodHandleAccessor.invoke(DirectMethodHandleAccessor.java:103)
  java.base@22.0.1/java.lang.reflect.Method.invoke(Method.java:580)
  app//org.codehaus.groovy.reflection.CachedMethod.invoke(CachedMethod.java:343)
  app//groovy.lang.MetaMethod.doMethodInvoke(MetaMethod.java:328)
  app//groovy.lang.MetaClassImpl.doInvokeMethod(MetaClassImpl.java:1333)
  app//groovy.lang.MetaClassImpl.invokeMethod(MetaClassImpl.java:1088)
  app//groovy.lang.MetaClassImpl.invokeMethodClosure(MetaClassImpl.java:1017)
  app//groovy.lang.MetaClassImpl.doInvokeMethod(MetaClassImpl.java:1207)
  app//groovy.lang.MetaClassImpl.invokeMethod(MetaClassImpl.java:1088)
  app//groovy.lang.MetaClassImpl.invokeMethod(MetaClassImpl.java:1007)
  app//groovy.lang.Closure.call(Closure.java:433)
  app//groovy.lang.Closure.call(Closure.java:412)
  app//groovy.lang.Closure.run(Closure.java:505)
  java.base@22.0.1/java.lang.Thread.runWith(Thread.java:1583)
  java.base@22.0.1/java.lang.Thread.run(Thread.java:1570)

Thread[#31,AnsiLogObserver,5,main]
  java.base@22.0.1/java.lang.Object.wait0(Native Method)
  java.base@22.0.1/java.lang.Object.wait(Object.java:375)
  app//nextflow.trace.AnsiLogObserver.render0(AnsiLogObserver.groovy:185)
  java.base@22.0.1/java.lang.invoke.DirectMethodHandle$Holder.invokeVirtual(DirectMethodHandle$Holder)
  java.base@22.0.1/java.lang.invoke.LambdaForm$MH/0x000000012f361000.invoke(LambdaForm$MH)
  java.base@22.0.1/java.lang.invoke.Invokers$Holder.invokeExact_MT(Invokers$Holder)
  java.base@22.0.1/jdk.internal.reflect.DirectMethodHandleAccessor.invokeImpl(DirectMethodHandleAccessor.java:154)
  java.base@22.0.1/jdk.internal.reflect.DirectMethodHandleAccessor.invoke(DirectMethodHandleAccessor.java:103)
  java.base@22.0.1/java.lang.reflect.Method.invoke(Method.java:580)
  app//org.codehaus.groovy.reflection.CachedMethod.invoke(CachedMethod.java:343)
  app//groovy.lang.MetaMethod.doMethodInvoke(MetaMethod.java:328)
  app//groovy.lang.MetaClassImpl.doInvokeMethod(MetaClassImpl.java:1333)
  app//groovy.lang.MetaClassImpl.invokeMethod(MetaClassImpl.java:1088)
  app//groovy.lang.MetaClassImpl.invokeMethodClosure(MetaClassImpl.java:1017)
  app//groovy.lang.MetaClassImpl.doInvokeMethod(MetaClassImpl.java:1207)
  app//groovy.lang.MetaClassImpl.invokeMethod(MetaClassImpl.java:1088)
  app//groovy.lang.MetaClassImpl.invokeMethod(MetaClassImpl.java:1007)
  app//groovy.lang.Closure.call(Closure.java:433)
  app//groovy.lang.Closure.call(Closure.java:412)
  app//groovy.lang.Closure.run(Closure.java:505)
  java.base@22.0.1/java.lang.Thread.runWith(Thread.java:1583)
  java.base@22.0.1/java.lang.Thread.run(Thread.java:1570)

Thread[#11,Signal Dispatcher,9,system]

Thread[#18,Common-Cleaner,8,InnocuousThreadGroup]
  java.base@22.0.1/jdk.internal.misc.Unsafe.park(Native Method)
  java.base@22.0.1/java.util.concurrent.locks.LockSupport.parkNanos(LockSupport.java:269)
  java.base@22.0.1/java.util.concurrent.locks.AbstractQueuedSynchronizer$ConditionObject.await(AbstractQueuedSynchronizer.java:1847)
  java.base@22.0.1/java.lang.ref.ReferenceQueue.await(ReferenceQueue.java:71)
  java.base@22.0.1/java.lang.ref.ReferenceQueue.remove0(ReferenceQueue.java:143)
  java.base@22.0.1/java.lang.ref.ReferenceQueue.remove(ReferenceQueue.java:218)
  java.base@22.0.1/jdk.internal.ref.CleanerImpl.run(CleanerImpl.java:140)
  java.base@22.0.1/java.lang.Thread.runWith(Thread.java:1583)
  java.base@22.0.1/java.lang.Thread.run(Thread.java:1570)
  java.base@22.0.1/jdk.internal.misc.InnocuousThread.run(InnocuousThread.java:186)

Thread[#9,Reference Handler,10,system]
  java.base@22.0.1/java.lang.ref.Reference.waitForReferencePendingList(Native Method)
  java.base@22.0.1/java.lang.ref.Reference.processPendingReferences(Reference.java:246)
  java.base@22.0.1/java.lang.ref.Reference$ReferenceHandler.run(Reference.java:208)

Thread[#10,Finalizer,8,system]
  java.base@22.0.1/java.lang.Object.wait0(Native Method)
  java.base@22.0.1/java.lang.Object.wait(Object.java:375)
  java.base@22.0.1/java.lang.Object.wait(Object.java:348)
  java.base@22.0.1/java.lang.ref.NativeReferenceQueue.await(NativeReferenceQueue.java:48)
  java.base@22.0.1/java.lang.ref.ReferenceQueue.remove0(ReferenceQueue.java:158)
  java.base@22.0.1/java.lang.ref.NativeReferenceQueue.remove(NativeReferenceQueue.java:89)
  java.base@22.0.1/java.lang.ref.Finalizer$FinalizerThread.run(Finalizer.java:173)

Thread[#1,main,5,main]
  java.base@22.0.1/java.lang.Thread.dumpThreads(Native Method)
  java.base@22.0.1/java.lang.Thread.getAllStackTraces(Thread.java:2488)
  app//nextflow.util.SysHelper.dumpThreads(SysHelper.groovy:188)
  app//nextflow.Session.abort(Session.groovy:800)
  app//nextflow.script.ScriptRunner.execute(ScriptRunner.groovy:149)
  app//nextflow.cli.CmdRun.run(CmdRun.groovy:376)
  app//nextflow.cli.Launcher.run(Launcher.groovy:503)
  app//nextflow.cli.Launcher.main(Launcher.groovy:658)

Dec-17 11:32:13.066 [main] ERROR nextflow.cli.Launcher - Script compilation error
- file : /Users/r/pkgs/demo_nextflow/main.nf
- cause: Unexpected character: '\'' @ line 9, column 23.
   include { TRIM } from './modules/trim
                         ^

1 error

nextflow.exception.ScriptCompilationException: Script compilation error
- file : /Users/r/pkgs/demo_nextflow/main.nf
- cause: Unexpected character: '\'' @ line 9, column 23.
   include { TRIM } from './modules/trim
                         ^

1 error

	at nextflow.script.ScriptParser.parse0(ScriptParser.groovy:196)
	at nextflow.script.ScriptParser.parse(ScriptParser.groovy:206)
	at nextflow.script.ScriptRunner.parseScript(ScriptRunner.groovy:229)
	at nextflow.script.ScriptRunner.execute(ScriptRunner.groovy:136)
	at nextflow.cli.CmdRun.run(CmdRun.groovy:376)
	at nextflow.cli.Launcher.run(Launcher.groovy:503)
	at nextflow.cli.Launcher.main(Launcher.groovy:658)
Caused by: org.codehaus.groovy.control.MultipleCompilationErrorsException: startup failed:
Script_0583924b59d93f54: 9: Unexpected character: '\'' @ line 9, column 23.
   include { TRIM } from './modules/trim
                         ^

1 error

	at org.codehaus.groovy.control.ErrorCollector.failIfErrors(ErrorCollector.java:292)
	at org.codehaus.groovy.control.ErrorCollector.addFatalError(ErrorCollector.java:148)
	at org.apache.groovy.parser.antlr4.AstBuilder.collectSyntaxError(AstBuilder.java:4753)
	at org.apache.groovy.parser.antlr4.AstBuilder.createParsingFailedException(AstBuilder.java:4736)
	at org.apache.groovy.parser.antlr4.AstBuilder.convertException(AstBuilder.java:254)
	at org.apache.groovy.parser.antlr4.AstBuilder.buildCST(AstBuilder.java:228)
	at org.apache.groovy.parser.antlr4.AstBuilder.buildAST(AstBuilder.java:262)
	at org.apache.groovy.parser.antlr4.Antlr4ParserPlugin.buildAST(Antlr4ParserPlugin.java:58)
	at org.codehaus.groovy.control.SourceUnit.buildAST(SourceUnit.java:256)
	at java.base/java.util.Iterator.forEachRemaining(Iterator.java:133)
	at java.base/java.util.Spliterators$IteratorSpliterator.forEachRemaining(Spliterators.java:1939)
	at java.base/java.util.stream.ReferencePipeline$Head.forEach(ReferencePipeline.java:782)
	at org.codehaus.groovy.control.CompilationUnit.compile(CompilationUnit.java:663)
	at groovy.lang.GroovyClassLoader.doParseClass(GroovyClassLoader.java:373)
	at groovy.lang.GroovyClassLoader.lambda$parseClass$2(GroovyClassLoader.java:316)
	at org.codehaus.groovy.runtime.memoize.StampedCommonCache.compute(StampedCommonCache.java:163)
	at org.codehaus.groovy.runtime.memoize.StampedCommonCache.getAndPut(StampedCommonCache.java:154)
	at groovy.lang.GroovyClassLoader.parseClass(GroovyClassLoader.java:314)
	at groovy.lang.GroovyShell.parseClass(GroovyShell.java:572)
	at groovy.lang.GroovyShell.parse(GroovyShell.java:585)
	at groovy.lang.GroovyShell.parse(GroovyShell.java:639)
	at groovy.lang.GroovyShell.parse(GroovyShell.java:643)
	at nextflow.script.ScriptParser.parse0(ScriptParser.groovy:175)
	... 6 common frames omitted
